<?xml version="1.0" encoding="UTF-8"?>
<!-- Generated by org.testng.reporters.JUnitXMLReporter -->
<testsuite ignored="0" hostname="idea-PClenovo" failures="0" tests="15" name="RegressionTest" time="312.606" errors="0" timestamp="2022-11-11T21:13:07 IST">
  <testcase classname="crmtest.HomePageTest" name="validUserTxt" time="0.477"/>
  <testcase classname="crmtest.HomePageTest" name="validNewCompanyRedirection" time="2.312"/>
  <testcase classname="crmtest.HomePageTest" name="validNewContactRedirection" time="9.096"/>
  <testcase classname="crmtest.HomePageTest" name="validNewDealRedirection" time="2.107"/>
  <testcase classname="crmtest.LoginPageTest" name="validUrlTest" time="0.125"/>
  <testcase classname="crmtest.LoginPageTest" name="validTitleTest" time="0.143"/>
  <testcase classname="crmtest.LoginPageTest" name="validLogoTest" time="0.275"/>
  <testcase classname="crmtest.LoginPageTest" name="validLoginTest" time="6.795"/>
  <testcase classname="crmtest.ContactPageTest" name="validateCreateContactTest" time="4.293"/>
  <testcase classname="crmtest.ContactPageTest" name="validateCreateContactTest" time="5.294"/>
  <testcase classname="crmtest.ContactPageTest" name="validateCreateContactTest" time="4.07"/>
  <testcase classname="crmtest.ContactPageTest" name="validateCreateContactTest" time="4.101"/>
  <testcase classname="crmtest.ContactPageTest" name="validateCreateContactTest" time="4.38"/>
  <testcase classname="crmtest.CompanyPageTest" name="createCompanyTest" time="9.249"/>
  <testcase classname="crmtest.DealPageTest" name="createDealTest" time="0.003"/>
</testsuite> <!-- RegressionTest -->
