<?xml version="1.0" encoding="UTF-8"?>
<!-- Generated by org.testng.reporters.JUnitXMLReporter -->
<testsuite ignored="0" hostname="idea-PClenovo" failures="0" tests="15" name="RegressionTest" time="291.364" errors="0" timestamp="2022-11-11T11:30:10 IST">
  <testcase classname="crmtest.ContactPageTest" name="validateCreateContactTest" time="7.288"/>
  <testcase classname="crmtest.ContactPageTest" name="validateCreateContactTest" time="3.848"/>
  <testcase classname="crmtest.ContactPageTest" name="validateCreateContactTest" time="6.275"/>
  <testcase classname="crmtest.ContactPageTest" name="validateCreateContactTest" time="3.956"/>
  <testcase classname="crmtest.ContactPageTest" name="validateCreateContactTest" time="3.777"/>
  <testcase classname="crmtest.LoginPageTest" name="validUrlTest" time="0.126"/>
  <testcase classname="crmtest.LoginPageTest" name="validTitleTest" time="0.139"/>
  <testcase classname="crmtest.LoginPageTest" name="validLogoTest" time="0.312"/>
  <testcase classname="crmtest.LoginPageTest" name="validLoginTest" time="5.878"/>
  <testcase classname="crmtest.CompanyPageTest" name="createCompanyTest" time="6.314"/>
  <testcase classname="crmtest.HomePageTest" name="validUserTxt" time="0.149"/>
  <testcase classname="crmtest.HomePageTest" name="validNewCompanyRedirection" time="2.0"/>
  <testcase classname="crmtest.HomePageTest" name="validNewContactRedirection" time="2.082"/>
  <testcase classname="crmtest.HomePageTest" name="validNewDealRedirection" time="2.084"/>
  <testcase classname="crmtest.DealPageTest" name="createCompanyTest" time="0.002"/>
</testsuite> <!-- RegressionTest -->
